[514][INFO][HLSpider]正在获取汇率…
[515][INFO][CodeSpider]正在获取股票代码…
[516][INFO][DPSpider]正在获取查询大盘指数…
[608][INFO][HLSpider]汇率获取完毕。
[613][DEBUG][DPSpider]已获取大盘指数"上证指数"的信息。(0/3)
[613][DEBUG][DPSpider]已获取大盘指数"深证成指"的信息。(1/3)
[613][INFO][DPSpider]大盘指数获取完毕。
[285][INFO][SHSpider]正在获取上海股票行情…
[285][INFO][SZSpider]正在获取深圳股票行情…
[363][DEBUG][SZSpider]已获取深圳"平安银行"的股票行情。(0/2446)
[457][DEBUG][SZSpider]已获取深圳"万 科Ａ"的股票行情。(1/2446)
[470][DEBUG][SHSpider]已获取上海"R003"的股票行情。(1/1415)
[553][DEBUG][SHSpider]已获取上海"R007"的股票行情。(2/1415)
[632][DEBUG][SZSpider]已获取深圳"国农科技"的股票行情。(3/2446)
[650][DEBUG][SHSpider]已获取上海"R014"的股票行情。(3/1415)
[719][DEBUG][SZSpider]已获取深圳"世纪星源"的股票行情。(4/2446)
[813][DEBUG][SZSpider]已获取深圳"深振业Ａ"的股票行情。(5/2446)
[890][DEBUG][SZSpider]已获取深圳"全新好"的股票行情。(6/2446)
[983][DEBUG][SZSpider]已获取深圳"神州高铁"的股票行情。(7/2446)
[984][DEBUG][SHSpider]已获取上海"R028"的股票行情。(4/1415)
[89][DEBUG][SHSpider]已获取上海"R091"的股票行情。(5/1415)
[97][DEBUG][SZSpider]已获取深圳"中国宝安"的股票行情。(8/2446)
[172][DEBUG][SHSpider]已获取上海"R182"的股票行情。(6/1415)
[194][DEBUG][SZSpider]已获取深圳"美丽生态"的股票行情。(9/2446)
[285][DEBUG][SZSpider]已获取深圳"深物业A"的股票行情。(10/2446)
[374][DEBUG][SZSpider]已获取深圳"南 玻Ａ"的股票行情。(11/2446)
[267][DEBUG][SHSpider]已获取上海"R001"的股票行情。(7/1415)
[383][DEBUG][SHSpider]已获取上海"R002"的股票行情。(8/1415)
[473][DEBUG][SHSpider]已获取上海"R004"的股票行情。(9/1415)
[570][DEBUG][SHSpider]已获取上海"RC001"的股票行情。(10/1415)
[658][DEBUG][SHSpider]已获取上海"RC003"的股票行情。(11/1415)
[745][DEBUG][SHSpider]已获取上海"RC007"的股票行情。(12/1415)
[109][DEBUG][SHSpider]已获取上海"0504R007"的股票行情。(16/1415)
[194][DEBUG][SHSpider]已获取上海"0504R028"的股票行情。(17/1415)
[286][DEBUG][SHSpider]已获取上海"0504R091"的股票行情。(18/1415)
[930][DEBUG][SHSpider]已获取上海"0512R007"的股票行情。(25/1415)
[24][DEBUG][SHSpider]已获取上海"0512R028"的股票行情。(26/1415)
[104][DEBUG][SHSpider]已获取上海"0512R091"的股票行情。(27/1415)
[27][DEBUG][SHSpider]已获取上海"GC001"的股票行情。(37/1415)
[111][DEBUG][SHSpider]已获取上海"GC002"的股票行情。(38/1415)
[200][DEBUG][SHSpider]已获取上海"GC003"的股票行情。(39/1415)
[311][DEBUG][SHSpider]已获取上海"GC004"的股票行情。(40/1415)
[412][DEBUG][SHSpider]已获取上海"GC007"的股票行情。(41/1415)
