[588][INFO][HLSpider]正在获取汇率…
[589][INFO][CodeSpider]正在获取股票代码…
[590][INFO][DPSpider]正在获取查询大盘指数…
[903][DEBUG][DPSpider]已获取大盘指数"上证指数"的信息。(0/3)
[904][DEBUG][DPSpider]已获取大盘指数"深证成指"的信息。(1/3)
[904][INFO][DPSpider]大盘指数获取完毕。
[906][INFO][HLSpider]汇率获取完毕。
[469][INFO][SHSpider]正在获取上海股票行情…
[469][INFO][SZSpider]正在获取深圳股票行情…
[822][DEBUG][SHSpider]已获取上海"R003"的股票行情。(1/1418)
[59][DEBUG][SHSpider]已获取上海"R007"的股票行情。(2/1418)
[183][DEBUG][SHSpider]已获取上海"R014"的股票行情。(3/1418)
[465][DEBUG][SHSpider]已获取上海"R028"的股票行情。(4/1418)
[583][DEBUG][SHSpider]已获取上海"R091"的股票行情。(5/1418)
[933][DEBUG][SZSpider]已获取深圳"平安银行"的股票行情。(0/2451)
[83][DEBUG][SZSpider]已获取深圳"万 科Ａ"的股票行情。(1/2451)
[359][DEBUG][SZSpider]已获取深圳"国农科技"的股票行情。(3/2451)
[484][DEBUG][SZSpider]已获取深圳"世纪星源"的股票行情。(4/2451)
[611][DEBUG][SZSpider]已获取深圳"深振业Ａ"的股票行情。(5/2451)
[740][DEBUG][SZSpider]已获取深圳"全新好"的股票行情。(6/2451)
[880][DEBUG][SZSpider]已获取深圳"神州高铁"的股票行情。(7/2451)
[998][DEBUG][SZSpider]已获取深圳"中国宝安"的股票行情。(8/2451)
[139][DEBUG][SZSpider]已获取深圳"美丽生态"的股票行情。(9/2451)
[250][DEBUG][SZSpider]已获取深圳"深物业A"的股票行情。(10/2451)
[375][DEBUG][SZSpider]已获取深圳"南 玻Ａ"的股票行情。(11/2451)
[637][DEBUG][SZSpider]已获取深圳"沙河股份"的股票行情。(13/2451)
[891][DEBUG][SZSpider]已获取深圳"深康佳Ａ"的股票行情。(15/2451)
[10][DEBUG][SZSpider]已获取深圳"深中华A"的股票行情。(16/2451)
[131][DEBUG][SZSpider]已获取深圳"神州长城"的股票行情。(17/2451)
[255][DEBUG][SZSpider]已获取深圳"深深宝Ａ"的股票行情。(18/2451)
[375][DEBUG][SZSpider]已获取深圳"深华发Ａ"的股票行情。(19/2451)
[497][DEBUG][SZSpider]已获取深圳"深科技"的股票行情。(20/2451)
[613][DEBUG][SZSpider]已获取深圳"深赤湾Ａ"的股票行情。(21/2451)
[743][DEBUG][SHSpider]已获取上海"R182"的股票行情。(6/1418)
[879][DEBUG][SHSpider]已获取上海"R001"的股票行情。(7/1418)
[12][DEBUG][SHSpider]已获取上海"R002"的股票行情。(8/1418)
[150][DEBUG][SHSpider]已获取上海"R004"的股票行情。(9/1418)
[278][DEBUG][SHSpider]已获取上海"RC001"的股票行情。(10/1418)
[425][DEBUG][SHSpider]已获取上海"RC003"的股票行情。(11/1418)
[596][DEBUG][SHSpider]已获取上海"RC007"的股票行情。(12/1418)
[760][DEBUG][SZSpider]已获取深圳"深天地Ａ"的股票行情。(22/2451)
[172][DEBUG][SHSpider]已获取上海"0504R007"的股票行情。(16/1418)
[320][DEBUG][SHSpider]已获取上海"0504R028"的股票行情。(17/1418)
[453][DEBUG][SHSpider]已获取上海"0504R091"的股票行情。(18/1418)
[425][DEBUG][SHSpider]已获取上海"0512R007"的股票行情。(25/1418)
[590][DEBUG][SHSpider]已获取上海"0512R028"的股票行情。(26/1418)
[736][DEBUG][SHSpider]已获取上海"0512R091"的股票行情。(27/1418)
[427][DEBUG][GUI]程序退出请求已发出！
[755][DEBUG][updateLoadingStatusSpider]updateLoadingStatus().exit()
[322][INFO][SHSpider]上海股票行情获取完毕。
[3][DEBUG][SZSpider]已获取深圳"特 力Ａ"的股票行情。(24/2451)
[3][INFO][SZSpider]深圳股票行情获取完毕。
[27][DEBUG][GUI]root.destroy()
